{"contracts/DM4_Token.sol":{"l":{"44":3,"45":3,"46":3,"59":7,"63":6,"64":5,"69":2,"71":1,"72":1,"77":3,"80":3,"82":2,"84":1,"87":1,"90":2,"95":2,"97":1,"99":1,"118":12,"120":11,"122":10,"123":10,"128":3,"130":2,"132":1,"133":1,"138":10,"140":9,"142":8,"144":8,"145":8,"152":3,"154":2,"155":2,"159":17,"160":17,"161":16,"177":6,"178":5,"180":5,"182":4,"184":4,"189":2,"191":1,"192":1,"194":1,"211":3,"212":2,"214":2,"223":1,"226":1,"228":1},"path":"/Users/danielmatheison/Develop/Solidity/metana-course/wk1-ERC20/contracts/DM4_Token.sol","s":{"1":3,"2":7,"3":6,"4":5,"5":2,"6":1,"7":1,"8":3,"9":3,"10":2,"11":1,"12":1,"13":2,"14":2,"15":1,"16":1,"17":12,"18":11,"19":10,"20":3,"21":2,"22":1,"23":10,"24":9,"25":8,"26":3,"27":2,"28":17,"29":17,"30":16,"31":6,"32":5,"33":5,"34":4,"35":4,"36":2,"37":1,"38":1,"39":1,"40":3,"41":2,"42":2,"43":1,"44":1,"45":1},"b":{"1":[6,1],"2":[1,1],"3":[2,1],"4":[1,1],"5":[1,1],"6":[11,1],"7":[10,1],"8":[2,1],"9":[1,1],"10":[9,1],"11":[8,1],"12":[2,1],"13":[16,1],"14":[15,1],"15":[5,1],"16":[4,1],"17":[1,1],"18":[2,1],"19":[1,1]},"f":{"1":3,"2":7,"3":2,"4":3,"5":2,"6":12,"7":3,"8":10,"9":3,"10":17,"11":6,"12":2,"13":3},"fnMap":{"1":{"name":"constructor","line":43,"loc":{"start":{"line":43,"column":4},"end":{"line":47,"column":4}}},"2":{"name":"mintTokensToAddress","line":57,"loc":{"start":{"line":57,"column":4},"end":{"line":65,"column":4}}},"3":{"name":"burnTokensFromAddress","line":67,"loc":{"start":{"line":67,"column":4},"end":{"line":73,"column":4}}},"4":{"name":"changeBalanceAtAddress","line":75,"loc":{"start":{"line":75,"column":4},"end":{"line":91,"column":4}}},"5":{"name":"authoritativeTransferFrom","line":93,"loc":{"start":{"line":93,"column":4},"end":{"line":100,"column":4}}},"6":{"name":"addAuthority","line":116,"loc":{"start":{"line":116,"column":4},"end":{"line":124,"column":4}}},"7":{"name":"removeAuthority","line":126,"loc":{"start":{"line":126,"column":4},"end":{"line":134,"column":4}}},"8":{"name":"addSanction","line":136,"loc":{"start":{"line":136,"column":4},"end":{"line":148,"column":4}}},"9":{"name":"removeSanction","line":150,"loc":{"start":{"line":150,"column":4},"end":{"line":156,"column":4}}},"10":{"name":"_beforeTokenTransfer","line":158,"loc":{"start":{"line":158,"column":4},"end":{"line":162,"column":4}}},"11":{"name":"buyTokens","line":175,"loc":{"start":{"line":175,"column":4},"end":{"line":185,"column":4}}},"12":{"name":"withdraw","line":187,"loc":{"start":{"line":187,"column":4},"end":{"line":195,"column":4}}},"13":{"name":"sellBack","line":209,"loc":{"start":{"line":209,"column":4},"end":{"line":229,"column":4}}}},"statementMap":{"1":{"start":{"line":45,"column":8},"end":{"line":45,"column":33}},"2":{"start":{"line":59,"column":8},"end":{"line":59,"column":65}},"3":{"start":{"line":63,"column":8},"end":{"line":63,"column":31}},"4":{"start":{"line":64,"column":8},"end":{"line":64,"column":51}},"5":{"start":{"line":69,"column":8},"end":{"line":69,"column":65}},"6":{"start":{"line":71,"column":8},"end":{"line":71,"column":28}},"7":{"start":{"line":72,"column":8},"end":{"line":72,"column":50}},"8":{"start":{"line":77,"column":8},"end":{"line":77,"column":48}},"9":{"start":{"line":80,"column":8},"end":{"line":80,"column":97}},"10":{"start":{"line":82,"column":8},"end":{"line":82,"column":3030}},"11":{"start":{"line":84,"column":12},"end":{"line":84,"column":66}},"12":{"start":{"line":87,"column":12},"end":{"line":87,"column":68}},"13":{"start":{"line":90,"column":8},"end":{"line":90,"column":56}},"14":{"start":{"line":95,"column":8},"end":{"line":95,"column":65}},"15":{"start":{"line":97,"column":8},"end":{"line":97,"column":34}},"16":{"start":{"line":99,"column":8},"end":{"line":99,"column":56}},"17":{"start":{"line":118,"column":8},"end":{"line":118,"column":107}},"18":{"start":{"line":120,"column":8},"end":{"line":120,"column":92}},"19":{"start":{"line":123,"column":8},"end":{"line":123,"column":31}},"20":{"start":{"line":128,"column":8},"end":{"line":128,"column":65}},"21":{"start":{"line":130,"column":8},"end":{"line":130,"column":67}},"22":{"start":{"line":133,"column":8},"end":{"line":133,"column":34}},"23":{"start":{"line":138,"column":8},"end":{"line":138,"column":105}},"24":{"start":{"line":140,"column":8},"end":{"line":140,"column":53}},"25":{"start":{"line":145,"column":8},"end":{"line":145,"column":30}},"26":{"start":{"line":152,"column":8},"end":{"line":152,"column":105}},"27":{"start":{"line":155,"column":8},"end":{"line":155,"column":33}},"28":{"start":{"line":159,"column":8},"end":{"line":159,"column":51}},"29":{"start":{"line":160,"column":8},"end":{"line":160,"column":95}},"30":{"start":{"line":161,"column":8},"end":{"line":161,"column":99}},"31":{"start":{"line":177,"column":8},"end":{"line":177,"column":66}},"32":{"start":{"line":178,"column":8},"end":{"line":178,"column":52}},"33":{"start":{"line":180,"column":8},"end":{"line":180,"column":104}},"34":{"start":{"line":182,"column":8},"end":{"line":182,"column":37}},"35":{"start":{"line":184,"column":8},"end":{"line":184,"column":24}},"36":{"start":{"line":189,"column":8},"end":{"line":189,"column":65}},"37":{"start":{"line":191,"column":8},"end":{"line":191,"column":47}},"38":{"start":{"line":192,"column":8},"end":{"line":192,"column":46}},"39":{"start":{"line":194,"column":8},"end":{"line":194,"column":32}},"40":{"start":{"line":211,"column":8},"end":{"line":211,"column":63}},"41":{"start":{"line":212,"column":8},"end":{"line":212,"column":58}},"42":{"start":{"line":214,"column":8},"end":{"line":214,"column":96}},"43":{"start":{"line":223,"column":8},"end":{"line":223,"column":61}},"44":{"start":{"line":226,"column":8},"end":{"line":226,"column":47}},"45":{"start":{"line":228,"column":8},"end":{"line":228,"column":29}}},"branchMap":{"1":{"line":59,"type":"if","locations":[{"start":{"line":59,"column":8},"end":{"line":59,"column":8}},{"start":{"line":59,"column":8},"end":{"line":59,"column":8}}]},"2":{"line":69,"type":"if","locations":[{"start":{"line":69,"column":8},"end":{"line":69,"column":8}},{"start":{"line":69,"column":8},"end":{"line":69,"column":8}}]},"3":{"line":80,"type":"if","locations":[{"start":{"line":80,"column":8},"end":{"line":80,"column":8}},{"start":{"line":80,"column":8},"end":{"line":80,"column":8}}]},"4":{"line":82,"type":"if","locations":[{"start":{"line":82,"column":8},"end":{"line":82,"column":8}},{"start":{"line":82,"column":8},"end":{"line":82,"column":8}}]},"5":{"line":95,"type":"if","locations":[{"start":{"line":95,"column":8},"end":{"line":95,"column":8}},{"start":{"line":95,"column":8},"end":{"line":95,"column":8}}]},"6":{"line":118,"type":"if","locations":[{"start":{"line":118,"column":8},"end":{"line":118,"column":8}},{"start":{"line":118,"column":8},"end":{"line":118,"column":8}}]},"7":{"line":120,"type":"if","locations":[{"start":{"line":120,"column":8},"end":{"line":120,"column":8}},{"start":{"line":120,"column":8},"end":{"line":120,"column":8}}]},"8":{"line":128,"type":"if","locations":[{"start":{"line":128,"column":8},"end":{"line":128,"column":8}},{"start":{"line":128,"column":8},"end":{"line":128,"column":8}}]},"9":{"line":130,"type":"if","locations":[{"start":{"line":130,"column":8},"end":{"line":130,"column":8}},{"start":{"line":130,"column":8},"end":{"line":130,"column":8}}]},"10":{"line":138,"type":"if","locations":[{"start":{"line":138,"column":8},"end":{"line":138,"column":8}},{"start":{"line":138,"column":8},"end":{"line":138,"column":8}}]},"11":{"line":140,"type":"if","locations":[{"start":{"line":140,"column":8},"end":{"line":140,"column":8}},{"start":{"line":140,"column":8},"end":{"line":140,"column":8}}]},"12":{"line":152,"type":"if","locations":[{"start":{"line":152,"column":8},"end":{"line":152,"column":8}},{"start":{"line":152,"column":8},"end":{"line":152,"column":8}}]},"13":{"line":160,"type":"if","locations":[{"start":{"line":160,"column":8},"end":{"line":160,"column":8}},{"start":{"line":160,"column":8},"end":{"line":160,"column":8}}]},"14":{"line":161,"type":"if","locations":[{"start":{"line":161,"column":8},"end":{"line":161,"column":8}},{"start":{"line":161,"column":8},"end":{"line":161,"column":8}}]},"15":{"line":177,"type":"if","locations":[{"start":{"line":177,"column":8},"end":{"line":177,"column":8}},{"start":{"line":177,"column":8},"end":{"line":177,"column":8}}]},"16":{"line":180,"type":"if","locations":[{"start":{"line":180,"column":8},"end":{"line":180,"column":8}},{"start":{"line":180,"column":8},"end":{"line":180,"column":8}}]},"17":{"line":189,"type":"if","locations":[{"start":{"line":189,"column":8},"end":{"line":189,"column":8}},{"start":{"line":189,"column":8},"end":{"line":189,"column":8}}]},"18":{"line":211,"type":"if","locations":[{"start":{"line":211,"column":8},"end":{"line":211,"column":8}},{"start":{"line":211,"column":8},"end":{"line":211,"column":8}}]},"19":{"line":214,"type":"if","locations":[{"start":{"line":214,"column":8},"end":{"line":214,"column":8}},{"start":{"line":214,"column":8},"end":{"line":214,"column":8}}]}}}}