TN:
SF:/Users/danielmatheison/Develop/Solidity/metana-course/wk1-ERC20/contracts/DM4_Token.sol
FN:43,constructor
FN:57,mintTokensToAddress
FN:67,burnTokensFromAddress
FN:75,changeBalanceAtAddress
FN:93,authoritativeTransferFrom
FN:116,addAuthority
FN:126,removeAuthority
FN:136,addSanction
FN:150,removeSanction
FN:158,_beforeTokenTransfer
FN:175,buyTokens
FN:187,withdraw
FN:209,sellBack
FNF:13
FNH:11
FNDA:3,constructor
FNDA:6,mintTokensToAddress
FNDA:2,burnTokensFromAddress
FNDA:3,changeBalanceAtAddress
FNDA:2,authoritativeTransferFrom
FNDA:12,addAuthority
FNDA:3,removeAuthority
FNDA:10,addSanction
FNDA:3,removeSanction
FNDA:12,_beforeTokenTransfer
FNDA:3,buyTokens
FNDA:0,withdraw
FNDA:0,sellBack
DA:44,3
DA:45,3
DA:46,3
DA:59,6
DA:63,5
DA:64,4
DA:69,2
DA:71,1
DA:72,1
DA:77,3
DA:80,3
DA:82,2
DA:84,1
DA:87,1
DA:90,2
DA:95,2
DA:97,1
DA:99,1
DA:118,12
DA:120,11
DA:122,10
DA:123,10
DA:128,3
DA:130,2
DA:132,1
DA:133,1
DA:138,10
DA:140,9
DA:142,8
DA:144,8
DA:145,8
DA:152,3
DA:154,2
DA:155,2
DA:159,12
DA:160,12
DA:161,11
DA:177,3
DA:178,2
DA:180,2
DA:182,1
DA:184,1
DA:189,0
DA:191,0
DA:192,0
DA:194,0
DA:211,0
DA:212,0
DA:214,0
DA:223,0
DA:226,0
DA:228,0
LF:52
LH:42
BRDA:59,1,0,5
BRDA:59,1,1,1
BRDA:69,2,0,1
BRDA:69,2,1,1
BRDA:80,3,0,2
BRDA:80,3,1,1
BRDA:82,4,0,1
BRDA:82,4,1,1
BRDA:95,5,0,1
BRDA:95,5,1,1
BRDA:118,6,0,11
BRDA:118,6,1,1
BRDA:120,7,0,10
BRDA:120,7,1,1
BRDA:128,8,0,2
BRDA:128,8,1,1
BRDA:130,9,0,1
BRDA:130,9,1,1
BRDA:138,10,0,9
BRDA:138,10,1,1
BRDA:140,11,0,8
BRDA:140,11,1,1
BRDA:152,12,0,2
BRDA:152,12,1,1
BRDA:160,13,0,11
BRDA:160,13,1,1
BRDA:161,14,0,10
BRDA:161,14,1,1
BRDA:177,15,0,2
BRDA:177,15,1,1
BRDA:180,16,0,1
BRDA:180,16,1,1
BRDA:189,17,0,0
BRDA:189,17,1,0
BRDA:211,18,0,0
BRDA:211,18,1,0
BRDA:214,19,0,0
BRDA:214,19,1,0
BRF:38
BRH:32
end_of_record
